0 silly input [ 'build' ]
1 silly flags { _: [ 'run' ],
1 silly flags   'reject-cycles': false,
1 silly flags   rejectCycles: false,
1 silly flags   script: 'build',
1 silly flags   args: [] }
2 verbose rootPath C:\z\github\stryker-mutator\stryker-badge
3 info version 2.5.1
4 silly existsSync C:\z\github\stryker-mutator\stryker-badge\VERSION
5 silly initialize attempt
6 silly initialize success
7 silly execute attempt
8 silly runScriptInDir build [] website-backend
9 silly getExecOpts { cwd: 'C:\\z\\github\\stryker-mutator\\stryker-badge\\packages\\website-backend' }
10 silly runScriptInDir build [] website-frontend
11 silly getExecOpts { cwd: 'C:\\z\\github\\stryker-mutator\\stryker-badge\\packages\\website-frontend' }
12 error build Errored while running script in 'client'
13 error execute callback with error
14 error Error: Command failed: npm run build
14 error Warning: The 'no-use-before-declare' rule requires type information.
14 error npm ERR! code ELIFECYCLE
14 error npm ERR! errno 1
14 error npm ERR! client@0.1.0 build: `react-scripts-ts build`
14 error npm ERR! Exit status 1
14 error npm ERR!
14 error npm ERR! Failed at the client@0.1.0 build script.
14 error npm ERR! This is probably not a problem with npm. There is likely additional logging output above.
14 error
14 error npm ERR! A complete log of this run can be found in:
14 error npm ERR!     C:\Users\nicoj\AppData\Roaming\npm-cache\_logs\2017-11-24T10_44_27_469Z-debug.log
14 error
14 error > client@0.1.0 build C:\z\github\stryker-mutator\stryker-badge\packages\website-frontend
14 error > react-scripts-ts build
14 error
14 error Creating an optimized production build...
14 error ts-loader: Using typescript@2.4.2 and C:\z\github\stryker-mutator\stryker-badge\packages\website-frontend\tsconfig.json
14 error Failed to compile.
14 error
14 error C:\z\github\stryker-mutator\stryker-badge\packages\website-frontend\node_modules\@types\react-dom\node_modules\@types\react\index.d.ts
14 error (3422,13): error TS2403: Subsequent variable declarations must have the same type.  Variable 'a' must be of type 'DetailedHTMLProps<AnchorHTMLAttributes<HTMLAnchorElement>, HTMLAnchorElement>', but here has type 'DetailedHTMLProps<AnchorHTMLAttributes<HTMLAnchorElement>, HTMLAnchorElement>'.
14 error
14 error C:\z\github\stryker-mutator\stryker-badge\packages\website-frontend\node_modules\@types\react-dom\node_modules\@types\react\index.d.ts
14 error (3423,13): error TS2403: Subsequent variable declarations must have the same type.  Variable 'abbr' must be of type 'DetailedHTMLProps<HTMLAttributes<HTMLElement>, HTMLElement>', but here has type 'DetailedHTMLProps<HTMLAttributes<HTMLElement>, HTMLElement>'.
14 error
14 error C:\z\github\stryker-mutator\stryker-badge\packages\website-frontend\node_modules\@types\react-dom\node_modules\@types\react\index.d.ts
14 error (3424,13): error TS2403: Subsequent variable declarations must have the same type.  Variable 'address' must be of type 'DetailedHTMLProps<HTMLAttributes<HTMLElement>, HTMLElement>', but here has type 'DetailedHTMLProps<HTMLAttributes<HTMLElement>, HTMLElement>'.
14 error
14 error C:\z\github\stryker-mutator\stryker-badge\packages\website-frontend\node_modules\@types\react-dom\node_modules\@types\react\index.d.ts
14 error (3425,13): error TS2403: Subsequent variable declarations must have the same type.  Variable 'area' must be of type 'DetailedHTMLProps<AreaHTMLAttributes<HTMLAreaElement>, HTMLAreaElement>', but here has type 'DetailedHTMLProps<AreaHTMLAttributes<HTMLAreaElement>, HTMLAreaElement>'.
14 error
14 error C:\z\github\stryker-mutator\stryker-badge\packages\website-frontend\node_modules\@types\react-dom\node_modules\@types\react\index.d.ts
14 error (3426,13): error TS2403: Subsequent variable declarations must have the same type.  Variable 'article' must be of type 'DetailedHTMLProps<HTMLAttributes<HTMLElement>, HTMLElement>', but here has type 'DetailedHTMLProps<HTMLAttributes<HTMLElement>, HTMLElement>'.
14 error
14 error C:\z\github\stryker-mutator\stryker-badge\packages\website-frontend\node_modules\@types\react-dom\node_modules\@types\react\index.d.ts
14 error (3427,13): error TS2403: Subsequent variable declarations must have the same type.  Variable 'aside' must be of type 'DetailedHTMLProps<HTMLAttributes<HTMLElement>, HTMLElement>', but here has type 'DetailedHTMLProps<HTMLAttributes<HTMLElement>, HTMLElement>'.
14 error
14 error C:\z\github\stryker-mutator\stryker-badge\packages\website-frontend\node_modules\@types\react-dom\node_modules\@types\react\index.d.ts
14 error (3428,13): error TS2403: Subsequent variable declarations must have the same type.  Variable 'audio' must be of type 'DetailedHTMLProps<AudioHTMLAttributes<HTMLAudioElement>, HTMLAudioElement>', but here has type 'DetailedHTMLProps<AudioHTMLAttributes<HTMLAudioElement>, HTMLAudioElement>'.
14 error
14 error C:\z\github\stryker-mutator\stryker-badge\packages\website-frontend\node_modules\@types\react-dom\node_modules\@types\react\index.d.ts
14 error (3429,13): error TS2403: Subsequent variable declarations must have the same type.  Variable 'b' must be of type 'DetailedHTMLProps<HTMLAttributes<HTMLElement>, HTMLElement>', but here has type 'DetailedHTMLProps<HTMLAttributes<HTMLElement>, HTMLElement>'.
14 error
14 error C:\z\github\stryker-mutator\stryker-badge\packages\website-frontend\node_modules\@types\react-dom\node_modules\@types\react\index.d.ts
14 error (3430,13): error TS2403: Subsequent variable declarations must have the same type.  Variable 'base' must be of type 'DetailedHTMLProps<BaseHTMLAttributes<HTMLBaseElement>, HTMLBaseElement>', but here has type 'DetailedHTMLProps<BaseHTMLAttributes<HTMLBaseElement>, HTMLBaseElement>'.
14 error
14 error C:\z\github\stryker-mutator\stryker-badge\packages\website-frontend\node_modules\@types\react-dom\node_modules\@types\react\index.d.ts
14 error (3431,13): error TS2403: Subsequent variable declarations must have the same type.  Variable 'bdi' must be of type 'DetailedHTMLProps<HTMLAttributes<HTMLElement>, HTMLElement>', but here has type 'DetailedHTMLProps<HTMLAttributes<HTMLElement>, HTMLElement>'.
14 error
14 error C:\z\github\stryker-mutator\stryker-badge\packages\website-frontend\node_modules\@types\react-dom\node_modules\@types\react\index.d.ts
14 error (3432,13): error TS2403: Subsequent variable declarations must have the same type.  Variable 'bdo' must be of type 'DetailedHTMLProps<HTMLAttributes<HTMLElement>, HTMLElement>', but here has type 'DetailedHTMLProps<HTMLAttributes<HTMLElement>, HTMLElement>'.
14 error
14 error C:\z\github\stryker-mutator\stryker-badge\packages\website-frontend\node_modules\@types\react-dom\node_modules\@types\react\index.d.ts
14 error (3433,13): error TS2403: Subsequent variable declarations must have the same type.  Variable 'big' must be of type 'DetailedHTMLProps<HTMLAttributes<HTMLElement>, HTMLElement>', but here has type 'DetailedHTMLProps<HTMLAttributes<HTMLElement>, HTMLElement>'.
14 error
14 error C:\z\github\stryker-mutator\stryker-badge\packages\website-frontend\node_modules\@types\react-dom\node_modules\@types\react\index.d.ts
14 error (3434,13): error TS2403: Subsequent variable declarations must have the same type.  Variable 'blockquote' must be of type 'DetailedHTMLProps<BlockquoteHTMLAttributes<HTMLElement>, HTMLElement>', but here has type 'DetailedHTMLProps<BlockquoteHTMLAttributes<HTMLElement>, HTMLElement>'.
14 error
14 error C:\z\github\stryker-mutator\stryker-badge\packages\website-frontend\node_modules\@types\react-dom\node_modules\@types\react\index.d.ts
14 error (3435,13): error TS2403: Subsequent variable declarations must have the same type.  Variable 'body' must be of type 'DetailedHTMLProps<HTMLAttributes<HTMLBodyElement>, HTMLBodyElement>', but here has type 'DetailedHTMLProps<HTMLAttributes<HTMLBodyElement>, HTMLBodyElement>'.
14 error
14 error C:\z\github\stryker-mutator\stryker-badge\packages\website-frontend\node_modules\@types\react-dom\node_modules\@types\react\index.d.ts
14 error (3436,13): error TS2403: Subsequent variable declarations must have the same type.  Variable 'br' must be of type 'DetailedHTMLProps<HTMLAttributes<HTMLBRElement>, HTMLBRElement>', but here has type 'DetailedHTMLProps<HTMLAttributes<HTMLBRElement>, HTMLBRElement>'.
14 error
14 error C:\z\github\stryker-mutator\stryker-badge\packages\website-frontend\node_modules\@types\react-dom\node_modules\@types\react\index.d.ts
14 error (3437,13): error TS2403: Subsequent variable declarations must have the same type.  Variable 'button' must be of type 'DetailedHTMLProps<ButtonHTMLAttributes<HTMLButtonElement>, HTMLButtonElement>', but here has type 'DetailedHTMLProps<ButtonHTMLAttributes<HTMLButtonElement>, HTMLButtonElement>'.
14 error
14 error C:\z\github\stryker-mutator\stryker-badge\packages\website-frontend\node_modules\@types\react-dom\node_modules\@types\react\index.d.ts
14 error (3438,13): error TS2403: Subsequent variable declarations must have the same type.  Variable 'canvas' must be of type 'DetailedHTMLProps<CanvasHTMLAttributes<HTMLCanvasElement>, HTMLCanvasElement>', but here has type 'DetailedHTMLProps<CanvasHTMLAttributes<HTMLCanvasElement>, HTMLCanvasElement>'.
14 error
14 error C:\z\github\stryker-mutator\stryker-badge\packages\website-frontend\node_modules\@types\react-dom\node_modules\@types\react\index.d.ts
14 error (3439,13): error TS2403: Subsequent variable declarations must have the same type.  Variable 'caption' must be of type 'DetailedHTMLProps<HTMLAttributes<HTMLElement>, HTMLElement>', but here has type 'DetailedHTMLProps<HTMLAttributes<HTMLElement>, HTMLElement>'.
14 error
14 error C:\z\github\stryker-mutator\stryker-badge\packages\website-frontend\node_modules\@types\react-dom\node_modules\@types\react\index.d.ts
14 error (3440,13): error TS2403: Subsequent variable declarations must have the same type.  Variable 'cite' must be of type 'DetailedHTMLProps<HTMLAttributes<HTMLElement>, HTMLElement>', but here has type 'DetailedHTMLProps<HTMLAttributes<HTMLElement>, HTMLElement>'.
14 error
14 error C:\z\github\stryker-mutator\stryker-badge\packages\website-frontend\node_modules\@types\react-dom\node_modules\@types\react\index.d.ts
14 error (3441,13): error TS2403: Subsequent variable declarations must have the same type.  Variable 'code' must be of type 'DetailedHTMLProps<HTMLAttributes<HTMLElement>, HTMLElement>', but here has type 'DetailedHTMLProps<HTMLAttributes<HTMLElement>, HTMLElement>'.
14 error
14 error C:\z\github\stryker-mutator\stryker-badge\packages\website-frontend\node_modules\@types\react-dom\node_modules\@types\react\index.d.ts
14 error (3442,13): error TS2403: Subsequent variable declarations must have the same type.  Variable 'col' must be of type 'DetailedHTMLProps<ColHTMLAttributes<HTMLTableColElement>, HTMLTableColElement>', but here has type 'DetailedHTMLProps<ColHTMLAttributes<HTMLTableColElement>, HTMLTableColElement>'.
14 error
14 error C:\z\github\stryker-mutator\stryker-badge\packages\website-frontend\node_modules\@types\react-dom\node_modules\@types\react\index.d.ts
14 error (3443,13): error TS2403: Subsequent variable declarations must have the same type.  Variable 'colgroup' must be of type 'DetailedHTMLProps<ColgroupHTMLAttributes<HTMLTableColElement>, HTMLTableColElement>', but here has type 'DetailedHTMLProps<ColgroupHTMLAttributes<HTMLTableColElement>, HTMLTableColElement>'.
14 error
14 error C:\z\github\stryker-mutator\stryker-badge\packages\website-frontend\node_modules\@types\react-dom\node_modules\@types\react\index.d.ts
14 error (3444,13): error TS2403: Subsequent variable declarations must have the same type.  Variable 'data' must be of type 'DetailedHTMLProps<HTMLAttributes<HTMLElement>, HTMLElement>', but here has type 'DetailedHTMLProps<HTMLAttributes<HTMLElement>, HTMLElement>'.
14 error
14 error C:\z\github\stryker-mutator\stryker-badge\packages\website-frontend\node_modules\@types\react-dom\node_modules\@types\react\index.d.ts
14 error (3445,13): error TS2403: Subsequent variable declarations must have the same type.  Variable 'datalist' must be of type 'DetailedHTMLProps<HTMLAttributes<HTMLDataListElement>, HTMLDataListElement>', but here has type 'DetailedHTMLProps<HTMLAttributes<HTMLDataListElement>, HTMLDataListElement>'.
14 error
14 error C:\z\github\stryker-mutator\stryker-badge\packages\website-frontend\node_modules\@types\react-dom\node_modules\@types\react\index.d.ts
14 error (3446,13): error TS2403: Subsequent variable declarations must have the same type.  Variable 'dd' must be of type 'DetailedHTMLProps<HTMLAttributes<HTMLElement>, HTMLElement>', but here has type 'DetailedHTMLProps<HTMLAttributes<HTMLElement>, HTMLElement>'.
14 error
14 error C:\z\github\stryker-mutator\stryker-badge\packages\website-frontend\node_modules\@types\react-dom\node_modules\@types\react\index.d.ts
14 error (3447,13): error TS2403: Subsequent variable declarations must have the same type.  Variable 'del' must be of type 'DetailedHTMLProps<DelHTMLAttributes<HTMLElement>, HTMLElement>', but here has type 'DetailedHTMLProps<DelHTMLAttributes<HTMLElement>, HTMLElement>'.
14 error
14 error C:\z\github\stryker-mutator\stryker-badge\packages\website-frontend\node_modules\@types\react-dom\node_modules\@types\react\index.d.ts
14 error (3448,13): error TS2403: Subsequent variable declarations must have the same type.  Variable 'details' must be of type 'DetailedHTMLProps<DetailsHTMLAttributes<HTMLElement>, HTMLElement>', but here has type 'DetailedHTMLProps<DetailsHTMLAttributes<HTMLElement>, HTMLElement>'.
14 error
14 error C:\z\github\stryker-mutator\stryker-badge\packages\website-frontend\node_modules\@types\react-dom\node_modules\@types\react\index.d.ts
14 error (3449,13): error TS2403: Subsequent variable declarations must have the same type.  Variable 'dfn' must be of type 'DetailedHTMLProps<HTMLAttributes<HTMLElement>, HTMLElement>', but here has type 'DetailedHTMLProps<HTMLAttributes<HTMLElement>, HTMLElement>'.
14 error
14 error C:\z\github\stryker-mutator\stryker-badge\packages\website-frontend\node_modules\@types\react-dom\node_modules\@types\react\index.d.ts
14 error (3450,13): error TS2403: Subsequent variable declarations must have the same type.  Variable 'dialog' must be of type 'DetailedHTMLProps<HTMLAttributes<HTMLElement>, HTMLElement>', but here has type 'DetailedHTMLProps<HTMLAttributes<HTMLElement>, HTMLElement>'.
14 error
14 error C:\z\github\stryker-mutator\stryker-badge\packages\website-frontend\node_modules\@types\react-dom\node_modules\@types\react\index.d.ts
14 error (3451,13): error TS2403: Subsequent variable declarations must have the same type.  Variable 'div' must be of type 'DetailedHTMLProps<HTMLAttributes<HTMLDivElement>, HTMLDivElement>', but here has type 'DetailedHTMLProps<HTMLAttributes<HTMLDivElement>, HTMLDivElement>'.
14 error
14 error C:\z\github\stryker-mutator\stryker-badge\packages\website-frontend\node_modules\@types\react-dom\node_modules\@types\react\index.d.ts
14 error (3452,13): error TS2403: Subsequent variable declarations must have the same type.  Variable 'dl' must be of type 'DetailedHTMLProps<HTMLAttributes<HTMLDListElement>, HTMLDListElement>', but here has type 'DetailedHTMLProps<HTMLAttributes<HTMLDListElement>, HTMLDListElement>'.
14 error
14 error C:\z\github\stryker-mutator\stryker-badge\packages\website-frontend\node_modules\@types\react-dom\node_modules\@types\react\index.d.ts
14 error (3453,13): error TS2403: Subsequent variable declarations must have the same type.  Variable 'dt' must be of type 'DetailedHTMLProps<HTMLAttributes<HTMLElement>, HTMLElement>', but here has type 'DetailedHTMLProps<HTMLAttributes<HTMLElement>, HTMLElement>'.
14 error
14 error C:\z\github\stryker-mutator\stryker-badge\packages\website-frontend\node_modules\@types\react-dom\node_modules\@types\react\index.d.ts
14 error (3454,13): error TS2403: Subsequent variable declarations must have the same type.  Variable 'em' must be of type 'DetailedHTMLProps<HTMLAttributes<HTMLElement>, HTMLElement>', but here has type 'DetailedHTMLProps<HTMLAttributes<HTMLElement>, HTMLElement>'.
14 error
14 error C:\z\github\stryker-mutator\stryker-badge\packages\website-frontend\node_modules\@types\react-dom\node_modules\@types\react\index.d.ts
14 error (3455,13): error TS2403: Subsequent variable declarations must have the same type.  Variable 'embed' must be of type 'DetailedHTMLProps<EmbedHTMLAttributes<HTMLEmbedElement>, HTMLEmbedElement>', but here has type 'DetailedHTMLProps<EmbedHTMLAttributes<HTMLEmbedElement>, HTMLEmbedElement>'.
14 error
14 error C:\z\github\stryker-mutator\stryker-badge\packages\website-frontend\node_modules\@types\react-dom\node_modules\@types\react\index.d.ts
14 error (3456,13): error TS2403: Subsequent variable declarations must have the same type.  Variable 'fieldset' must be of type 'DetailedHTMLProps<FieldsetHTMLAttributes<HTMLFieldSetElement>, HTMLFieldSetElement>', but here has type 'DetailedHTMLProps<FieldsetHTMLAttributes<HTMLFieldSetElement>, HTMLFieldSetElement>'.
14 error
14 error C:\z\github\stryker-mutator\stryker-badge\packages\website-frontend\node_modules\@types\react-dom\node_modules\@types\react\index.d.ts
14 error (3457,13): error TS2403: Subsequent variable declarations must have the same type.  Variable 'figcaption' must be of type 'DetailedHTMLProps<HTMLAttributes<HTMLElement>, HTMLElement>', but here has type 'DetailedHTMLProps<HTMLAttributes<HTMLElement>, HTMLElement>'.
14 error
14 error C:\z\github\stryker-mutator\stryker-badge\packages\website-frontend\node_modules\@types\react-dom\node_modules\@types\react\index.d.ts
14 error (3458,13): error TS2403: Subsequent variable declarations must have the same type.  Variable 'figure' must be of type 'DetailedHTMLProps<HTMLAttributes<HTMLElement>, HTMLElement>', but here has type 'DetailedHTMLProps<HTMLAttributes<HTMLElement>, HTMLElement>'.
14 error
14 error C:\z\github\stryker-mutator\stryker-badge\packages\website-frontend\node_modules\@types\react-dom\node_modules\@types\react\index.d.ts
14 error (3459,13): error TS2403: Subsequent variable declarations must have the same type.  Variable 'footer' must be of type 'DetailedHTMLProps<HTMLAttributes<HTMLElement>, HTMLElement>', but here has type 'DetailedHTMLProps<HTMLAttributes<HTMLElement>, HTMLElement>'.
14 error
14 error C:\z\github\stryker-mutator\stryker-badge\packages\website-frontend\node_modules\@types\react-dom\node_modules\@types\react\index.d.ts
14 error (3460,13): error TS2403: Subsequent variable declarations must have the same type.  Variable 'form' must be of type 'DetailedHTMLProps<FormHTMLAttributes<HTMLFormElement>, HTMLFormElement>', but here has type 'DetailedHTMLProps<FormHTMLAttributes<HTMLFormElement>, HTMLFormElement>'.
14 error
14 error C:\z\github\stryker-mutator\stryker-badge\packages\website-frontend\node_modules\@types\react-dom\node_modules\@types\react\index.d.ts
14 error (3461,13): error TS2403: Subsequent variable declarations must have the same type.  Variable 'h1' must be of type 'DetailedHTMLProps<HTMLAttributes<HTMLHeadingElement>, HTMLHeadingElement>', but here has type 'DetailedHTMLProps<HTMLAttributes<HTMLHeadingElement>, HTMLHeadingElement>'.
14 error
14 error C:\z\github\stryker-mutator\stryker-badge\packages\website-frontend\node_modules\@types\react-dom\node_modules\@types\react\index.d.ts
14 error (3462,13): error TS2403: Subsequent variable declarations must have the same type.  Variable 'h2' must be of type 'DetailedHTMLProps<HTMLAttributes<HTMLHeadingElement>, HTMLHeadingElement>', but here has type 'DetailedHTMLProps<HTMLAttributes<HTMLHeadingElement>, HTMLHeadingElement>'.
14 error
14 error C:\z\github\stryker-mutator\stryker-badge\packages\website-frontend\node_modules\@types\react-dom\node_modules\@types\react\index.d.ts
14 error (3463,13): error TS2403: Subsequent variable declarations must have the same type.  Variable 'h3' must be of type 'DetailedHTMLProps<HTMLAttributes<HTMLHeadingElement>, HTMLHeadingElement>', but here has type 'DetailedHTMLProps<HTMLAttributes<HTMLHeadingElement>, HTMLHeadingElement>'.
14 error
14 error C:\z\github\stryker-mutator\stryker-badge\packages\website-frontend\node_modules\@types\react-dom\node_modules\@types\react\index.d.ts
14 error (3464,13): error TS2403: Subsequent variable declarations must have the same type.  Variable 'h4' must be of type 'DetailedHTMLProps<HTMLAttributes<HTMLHeadingElement>, HTMLHeadingElement>', but here has type 'DetailedHTMLProps<HTMLAttributes<HTMLHeadingElement>, HTMLHeadingElement>'.
14 error
14 error C:\z\github\stryker-mutator\stryker-badge\packages\website-frontend\node_modules\@types\react-dom\node_modules\@types\react\index.d.ts
14 error (3465,13): error TS2403: Subsequent variable declarations must have the same type.  Variable 'h5' must be of type 'DetailedHTMLProps<HTMLAttributes<HTMLHeadingElement>, HTMLHeadingElement>', but here has type 'DetailedHTMLProps<HTMLAttributes<HTMLHeadingElement>, HTMLHeadingElement>'.
14 error
14 error C:\z\github\stryker-mutator\stryker-badge\packages\website-frontend\node_modules\@types\react-dom\node_modules\@types\react\index.d.ts
14 error (3466,13): error TS2403: Subsequent variable declarations must have the same type.  Variable 'h6' must be of type 'DetailedHTMLProps<HTMLAttributes<HTMLHeadingElement>, HTMLHeadingElement>', but here has type 'DetailedHTMLProps<HTMLAttributes<HTMLHeadingElement>, HTMLHeadingElement>'.
14 error
14 error C:\z\github\stryker-mutator\stryker-badge\packages\website-frontend\node_modules\@types\react-dom\node_modules\@types\react\index.d.ts
14 error (3467,13): error TS2403: Subsequent variable declarations must have the same type.  Variable 'head' must be of type 'DetailedHTMLProps<HTMLAttributes<HTMLHeadElement>, HTMLHeadElement>', but here has type 'DetailedHTMLProps<HTMLAttributes<HTMLHeadElement>, HTMLHeadElement>'.
14 error
14 error C:\z\github\stryker-mutator\stryker-badge\packages\website-frontend\node_modules\@types\react-dom\node_modules\@types\react\index.d.ts
14 error (3468,13): error TS2403: Subsequent variable declarations must have the same type.  Variable 'header' must be of type 'DetailedHTMLProps<HTMLAttributes<HTMLElement>, HTMLElement>', but here has type 'DetailedHTMLProps<HTMLAttributes<HTMLElement>, HTMLElement>'.
14 error
14 error C:\z\github\stryker-mutator\stryker-badge\packages\website-frontend\node_modules\@types\react-dom\node_modules\@types\react\index.d.ts
14 error (3469,13): error TS2403: Subsequent variable declarations must have the same type.  Variable 'hgroup' must be of type 'DetailedHTMLProps<HTMLAttributes<HTMLElement>, HTMLElement>', but here has type 'DetailedHTMLProps<HTMLAttributes<HTMLElement>, HTMLElement>'.
14 error
14 error C:\z\github\stryker-mutator\stryker-badge\packages\website-frontend\node_modules\@types\react-dom\node_modules\@types\react\index.d.ts
14 error (3470,13): error TS2403: Subsequent variable declarations must have the same type.  Variable 'hr' must be of type 'DetailedHTMLProps<HTMLAttributes<HTMLHRElement>, HTMLHRElement>', but here has type 'DetailedHTMLProps<HTMLAttributes<HTMLHRElement>, HTMLHRElement>'.
14 error
14 error C:\z\github\stryker-mutator\stryker-badge\packages\website-frontend\node_modules\@types\react-dom\node_modules\@types\react\index.d.ts
14 error (3471,13): error TS2403: Subsequent variable declarations must have the same type.  Variable 'html' must be of type 'DetailedHTMLProps<HtmlHTMLAttributes<HTMLHtmlElement>, HTMLHtmlElement>', but here has type 'DetailedHTMLProps<HtmlHTMLAttributes<HTMLHtmlElement>, HTMLHtmlElement>'.
14 error
14 error C:\z\github\stryker-mutator\stryker-badge\packages\website-frontend\node_modules\@types\react-dom\node_modules\@types\react\index.d.ts
14 error (3472,13): error TS2403: Subsequent variable declarations must have the same type.  Variable 'i' must be of type 'DetailedHTMLProps<HTMLAttributes<HTMLElement>, HTMLElement>', but here has type 'DetailedHTMLProps<HTMLAttributes<HTMLElement>, HTMLElement>'.
14 error
14 error C:\z\github\stryker-mutator\stryker-badge\packages\website-frontend\node_modules\@types\react-dom\node_modules\@types\react\index.d.ts
14 error (3473,13): error TS2403: Subsequent variable declarations must have the same type.  Variable 'iframe' must be of type 'DetailedHTMLProps<IframeHTMLAttributes<HTMLIFrameElement>, HTMLIFrameElement>', but here has type 'DetailedHTMLProps<IframeHTMLAttributes<HTMLIFrameElement>, HTMLIFrameElement>'.
14 error
14 error C:\z\github\stryker-mutator\stryker-badge\packages\website-frontend\node_modules\@types\react-dom\node_modules\@types\react\index.d.ts
14 error (3474,13): error TS2403: Subsequent variable declarations must have the same type.  Variable 'img' must be of type 'DetailedHTMLProps<ImgHTMLAttributes<HTMLImageElement>, HTMLImageElement>', but here has type 'DetailedHTMLProps<ImgHTMLAttributes<HTMLImageElement>, HTMLImageElement>'.
14 error
14 error C:\z\github\stryker-mutator\stryker-badge\packages\website-frontend\node_modules\@types\react-dom\node_modules\@types\react\index.d.ts
14 error (3475,13): error TS2403: Subsequent variable declarations must have the same type.  Variable 'input' must be of type 'DetailedHTMLProps<InputHTMLAttributes<HTMLInputElement>, HTMLInputElement>', but here has type 'DetailedHTMLProps<InputHTMLAttributes<HTMLInputElement>, HTMLInputElement>'.
14 error
14 error C:\z\github\stryker-mutator\stryker-badge\packages\website-frontend\node_modules\@types\react-dom\node_modules\@types\react\index.d.ts
14 error (3476,13): error TS2403: Subsequent variable declarations must have the same type.  Variable 'ins' must be of type 'DetailedHTMLProps<InsHTMLAttributes<HTMLModElement>, HTMLModElement>', but here has type 'DetailedHTMLProps<InsHTMLAttributes<HTMLModElement>, HTMLModElement>'.
14 error
14 error C:\z\github\stryker-mutator\stryker-badge\packages\website-frontend\node_modules\@types\react-dom\node_modules\@types\react\index.d.ts
14 error (3477,13): error TS2403: Subsequent variable declarations must have the same type.  Variable 'kbd' must be of type 'DetailedHTMLProps<HTMLAttributes<HTMLElement>, HTMLElement>', but here has type 'DetailedHTMLProps<HTMLAttributes<HTMLElement>, HTMLElement>'.
14 error
14 error C:\z\github\stryker-mutator\stryker-badge\packages\website-frontend\node_modules\@types\react-dom\node_modules\@types\react\index.d.ts
14 error (3478,13): error TS2403: Subsequent variable declarations must have the same type.  Variable 'keygen' must be of type 'DetailedHTMLProps<KeygenHTMLAttributes<HTMLElement>, HTMLElement>', but here has type 'DetailedHTMLProps<KeygenHTMLAttributes<HTMLElement>, HTMLElement>'.
14 error
14 error C:\z\github\stryker-mutator\stryker-badge\packages\website-frontend\node_modules\@types\react-dom\node_modules\@types\react\index.d.ts
14 error (3479,13): error TS2403: Subsequent variable declarations must have the same type.  Variable 'label' must be of type 'DetailedHTMLProps<LabelHTMLAttributes<HTMLLabelElement>, HTMLLabelElement>', but here has type 'DetailedHTMLProps<LabelHTMLAttributes<HTMLLabelElement>, HTMLLabelElement>'.
14 error
14 error C:\z\github\stryker-mutator\stryker-badge\packages\website-frontend\node_modules\@types\react-dom\node_modules\@types\react\index.d.ts
14 error (3480,13): error TS2403: Subsequent variable declarations must have the same type.  Variable 'legend' must be of type 'DetailedHTMLProps<HTMLAttributes<HTMLLegendElement>, HTMLLegendElement>', but here has type 'DetailedHTMLProps<HTMLAttributes<HTMLLegendElement>, HTMLLegendElement>'.
14 error
14 error C:\z\github\stryker-mutator\stryker-badge\packages\website-frontend\node_modules\@types\react-dom\node_modules\@types\react\index.d.ts
14 error (3481,13): error TS2403: Subsequent variable declarations must have the same type.  Variable 'li' must be of type 'DetailedHTMLProps<LiHTMLAttributes<HTMLLIElement>, HTMLLIElement>', but here has type 'DetailedHTMLProps<LiHTMLAttributes<HTMLLIElement>, HTMLLIElement>'.
14 error
14 error C:\z\github\stryker-mutator\stryker-badge\packages\website-frontend\node_modules\@types\react-dom\node_modules\@types\react\index.d.ts
14 error (3482,13): error TS2403: Subsequent variable declarations must have the same type.  Variable 'link' must be of type 'DetailedHTMLProps<LinkHTMLAttributes<HTMLLinkElement>, HTMLLinkElement>', but here has type 'DetailedHTMLProps<LinkHTMLAttributes<HTMLLinkElement>, HTMLLinkElement>'.
14 error
14 error C:\z\github\stryker-mutator\stryker-badge\packages\website-frontend\node_modules\@types\react-dom\node_modules\@types\react\index.d.ts
14 error (3483,13): error TS2403: Subsequent variable declarations must have the same type.  Variable 'main' must be of type 'DetailedHTMLProps<HTMLAttributes<HTMLElement>, HTMLElement>', but here has type 'DetailedHTMLProps<HTMLAttributes<HTMLElement>, HTMLElement>'.
14 error
14 error C:\z\github\stryker-mutator\stryker-badge\packages\website-frontend\node_modules\@types\react-dom\node_modules\@types\react\index.d.ts
14 error (3484,13): error TS2403: Subsequent variable declarations must have the same type.  Variable 'map' must be of type 'DetailedHTMLProps<MapHTMLAttributes<HTMLMapElement>, HTMLMapElement>', but here has type 'DetailedHTMLProps<MapHTMLAttributes<HTMLMapElement>, HTMLMapElement>'.
14 error
14 error C:\z\github\stryker-mutator\stryker-badge\packages\website-frontend\node_modules\@types\react-dom\node_modules\@types\react\index.d.ts
14 error (3485,13): error TS2403: Subsequent variable declarations must have the same type.  Variable 'mark' must be of type 'DetailedHTMLProps<HTMLAttributes<HTMLElement>, HTMLElement>', but here has type 'DetailedHTMLProps<HTMLAttributes<HTMLElement>, HTMLElement>'.
14 error
14 error C:\z\github\stryker-mutator\stryker-badge\packages\website-frontend\node_modules\@types\react-dom\node_modules\@types\react\index.d.ts
14 error (3486,13): error TS2403: Subsequent variable declarations must have the same type.  Variable 'menu' must be of type 'DetailedHTMLProps<MenuHTMLAttributes<HTMLElement>, HTMLElement>', but here has type 'DetailedHTMLProps<MenuHTMLAttributes<HTMLElement>, HTMLElement>'.
14 error
14 error C:\z\github\stryker-mutator\stryker-badge\packages\website-frontend\node_modules\@types\react-dom\node_modules\@types\react\index.d.ts
14 error (3487,13): error TS2403: Subsequent variable declarations must have the same type.  Variable 'menuitem' must be of type 'DetailedHTMLProps<HTMLAttributes<HTMLElement>, HTMLElement>', but here has type 'DetailedHTMLProps<HTMLAttributes<HTMLElement>, HTMLElement>'.
14 error
14 error C:\z\github\stryker-mutator\stryker-badge\packages\website-frontend\node_modules\@types\react-dom\node_modules\@types\react\index.d.ts
14 error (3488,13): error TS2403: Subsequent variable declarations must have the same type.  Variable 'meta' must be of type 'DetailedHTMLProps<MetaHTMLAttributes<HTMLMetaElement>, HTMLMetaElement>', but here has type 'DetailedHTMLProps<MetaHTMLAttributes<HTMLMetaElement>, HTMLMetaElement>'.
14 error
14 error C:\z\github\stryker-mutator\stryker-badge\packages\website-frontend\node_modules\@types\react-dom\node_modules\@types\react\index.d.ts
14 error (3489,13): error TS2403: Subsequent variable declarations must have the same type.  Variable 'meter' must be of type 'DetailedHTMLProps<MeterHTMLAttributes<HTMLElement>, HTMLElement>', but here has type 'DetailedHTMLProps<MeterHTMLAttributes<HTMLElement>, HTMLElement>'.
14 error
14 error C:\z\github\stryker-mutator\stryker-badge\packages\website-frontend\node_modules\@types\react-dom\node_modules\@types\react\index.d.ts
14 error (3490,13): error TS2403: Subsequent variable declarations must have the same type.  Variable 'nav' must be of type 'DetailedHTMLProps<HTMLAttributes<HTMLElement>, HTMLElement>', but here has type 'DetailedHTMLProps<HTMLAttributes<HTMLElement>, HTMLElement>'.
14 error
14 error C:\z\github\stryker-mutator\stryker-badge\packages\website-frontend\node_modules\@types\react-dom\node_modules\@types\react\index.d.ts
14 error (3491,13): error TS2403: Subsequent variable declarations must have the same type.  Variable 'noindex' must be of type 'DetailedHTMLProps<HTMLAttributes<HTMLElement>, HTMLElement>', but here has type 'DetailedHTMLProps<HTMLAttributes<HTMLElement>, HTMLElement>'.
14 error
14 error C:\z\github\stryker-mutator\stryker-badge\packages\website-frontend\node_modules\@types\react-dom\node_modules\@types\react\index.d.ts
14 error (3492,13): error TS2403: Subsequent variable declarations must have the same type.  Variable 'noscript' must be of type 'DetailedHTMLProps<HTMLAttributes<HTMLElement>, HTMLElement>', but here has type 'DetailedHTMLProps<HTMLAttributes<HTMLElement>, HTMLElement>'.
14 error
14 error C:\z\github\stryker-mutator\stryker-badge\packages\website-frontend\node_modules\@types\react-dom\node_modules\@types\react\index.d.ts
14 error (3493,13): error TS2403: Subsequent variable declarations must have the same type.  Variable 'object' must be of type 'DetailedHTMLProps<ObjectHTMLAttributes<HTMLObjectElement>, HTMLObjectElement>', but here has type 'DetailedHTMLProps<ObjectHTMLAttributes<HTMLObjectElement>, HTMLObjectElement>'.
14 error
14 error C:\z\github\stryker-mutator\stryker-badge\packages\website-frontend\node_modules\@types\react-dom\node_modules\@types\react\index.d.ts
14 error (3494,13): error TS2403: Subsequent variable declarations must have the same type.  Variable 'ol' must be of type 'DetailedHTMLProps<OlHTMLAttributes<HTMLOListElement>, HTMLOListElement>', but here has type 'DetailedHTMLProps<OlHTMLAttributes<HTMLOListElement>, HTMLOListElement>'.
14 error
14 error C:\z\github\stryker-mutator\stryker-badge\packages\website-frontend\node_modules\@types\react-dom\node_modules\@types\react\index.d.ts
14 error (3495,13): error TS2403: Subsequent variable declarations must have the same type.  Variable 'optgroup' must be of type 'DetailedHTMLProps<OptgroupHTMLAttributes<HTMLOptGroupElement>, HTMLOptGroupElement>', but here has type 'DetailedHTMLProps<OptgroupHTMLAttributes<HTMLOptGroupElement>, HTMLOptGroupElement>'.
14 error
14 error C:\z\github\stryker-mutator\stryker-badge\packages\website-frontend\node_modules\@types\react-dom\node_modules\@types\react\index.d.ts
14 error (3496,13): error TS2403: Subsequent variable declarations must have the same type.  Variable 'option' must be of type 'DetailedHTMLProps<OptionHTMLAttributes<HTMLOptionElement>, HTMLOptionElement>', but here has type 'DetailedHTMLProps<OptionHTMLAttributes<HTMLOptionElement>, HTMLOptionElement>'.
14 error
14 error C:\z\github\stryker-mutator\stryker-badge\packages\website-frontend\node_modules\@types\react-dom\node_modules\@types\react\index.d.ts
14 error (3497,13): error TS2403: Subsequent variable declarations must have the same type.  Variable 'output' must be of type 'DetailedHTMLProps<OutputHTMLAttributes<HTMLElement>, HTMLElement>', but here has type 'DetailedHTMLProps<OutputHTMLAttributes<HTMLElement>, HTMLElement>'.
14 error
14 error C:\z\github\stryker-mutator\stryker-badge\packages\website-frontend\node_modules\@types\react-dom\node_modules\@types\react\index.d.ts
14 error (3498,13): error TS2403: Subsequent variable declarations must have the same type.  Variable 'p' must be of type 'DetailedHTMLProps<HTMLAttributes<HTMLParagraphElement>, HTMLParagraphElement>', but here has type 'DetailedHTMLProps<HTMLAttributes<HTMLParagraphElement>, HTMLParagraphElement>'.
14 error
14 error C:\z\github\stryker-mutator\stryker-badge\packages\website-frontend\node_modules\@types\react-dom\node_modules\@types\react\index.d.ts
14 error (3499,13): error TS2403: Subsequent variable declarations must have the same type.  Variable 'param' must be of type 'DetailedHTMLProps<ParamHTMLAttributes<HTMLParamElement>, HTMLParamElement>', but here has type 'DetailedHTMLProps<ParamHTMLAttributes<HTMLParamElement>, HTMLParamElement>'.
14 error
14 error C:\z\github\stryker-mutator\stryker-badge\packages\website-frontend\node_modules\@types\react-dom\node_modules\@types\react\index.d.ts
14 error (3500,13): error TS2403: Subsequent variable declarations must have the same type.  Variable 'picture' must be of type 'DetailedHTMLProps<HTMLAttributes<HTMLElement>, HTMLElement>', but here has type 'DetailedHTMLProps<HTMLAttributes<HTMLElement>, HTMLElement>'.
14 error
14 error C:\z\github\stryker-mutator\stryker-badge\packages\website-frontend\node_modules\@types\react-dom\node_modules\@types\react\index.d.ts
14 error (3501,13): error TS2403: Subsequent variable declarations must have the same type.  Variable 'pre' must be of type 'DetailedHTMLProps<HTMLAttributes<HTMLPreElement>, HTMLPreElement>', but here has type 'DetailedHTMLProps<HTMLAttributes<HTMLPreElement>, HTMLPreElement>'.
14 error
14 error C:\z\github\stryker-mutator\stryker-badge\packages\website-frontend\node_modules\@types\react-dom\node_modules\@types\react\index.d.ts
14 error (3502,13): error TS2403: Subsequent variable declarations must have the same type.  Variable 'progress' must be of type 'DetailedHTMLProps<ProgressHTMLAttributes<HTMLProgressElement>, HTMLProgressElement>', but here has type 'DetailedHTMLProps<ProgressHTMLAttributes<HTMLProgressElement>, HTMLProgressElement>'.
14 error
14 error C:\z\github\stryker-mutator\stryker-badge\packages\website-frontend\node_modules\@types\react-dom\node_modules\@types\react\index.d.ts
14 error (3503,13): error TS2403: Subsequent variable declarations must have the same type.  Variable 'q' must be of type 'DetailedHTMLProps<QuoteHTMLAttributes<HTMLQuoteElement>, HTMLQuoteElement>', but here has type 'DetailedHTMLProps<QuoteHTMLAttributes<HTMLQuoteElement>, HTMLQuoteElement>'.
14 error
14 error C:\z\github\stryker-mutator\stryker-badge\packages\website-frontend\node_modules\@types\react-dom\node_modules\@types\react\index.d.ts
14 error (3504,13): error TS2403: Subsequent variable declarations must have the same type.  Variable 'rp' must be of type 'DetailedHTMLProps<HTMLAttributes<HTMLElement>, HTMLElement>', but here has type 'DetailedHTMLProps<HTMLAttributes<HTMLElement>, HTMLElement>'.
14 error
14 error C:\z\github\stryker-mutator\stryker-badge\packages\website-frontend\node_modules\@types\react-dom\node_modules\@types\react\index.d.ts
14 error (3505,13): error TS2403: Subsequent variable declarations must have the same type.  Variable 'rt' must be of type 'DetailedHTMLProps<HTMLAttributes<HTMLElement>, HTMLElement>', but here has type 'DetailedHTMLProps<HTMLAttributes<HTMLElement>, HTMLElement>'.
14 error
14 error C:\z\github\stryker-mutator\stryker-badge\packages\website-frontend\node_modules\@types\react-dom\node_modules\@types\react\index.d.ts
14 error (3506,13): error TS2403: Subsequent variable declarations must have the same type.  Variable 'ruby' must be of type 'DetailedHTMLProps<HTMLAttributes<HTMLElement>, HTMLElement>', but here has type 'DetailedHTMLProps<HTMLAttributes<HTMLElement>, HTMLElement>'.
14 error
14 error C:\z\github\stryker-mutator\stryker-badge\packages\website-frontend\node_modules\@types\react-dom\node_modules\@types\react\index.d.ts
14 error (3507,13): error TS2403: Subsequent variable declarations must have the same type.  Variable 's' must be of type 'DetailedHTMLProps<HTMLAttributes<HTMLElement>, HTMLElement>', but here has type 'DetailedHTMLProps<HTMLAttributes<HTMLElement>, HTMLElement>'.
14 error
14 error C:\z\github\stryker-mutator\stryker-badge\packages\website-frontend\node_modules\@types\react-dom\node_modules\@types\react\index.d.ts
14 error (3508,13): error TS2403: Subsequent variable declarations must have the same type.  Variable 'samp' must be of type 'DetailedHTMLProps<HTMLAttributes<HTMLElement>, HTMLElement>', but here has type 'DetailedHTMLProps<HTMLAttributes<HTMLElement>, HTMLElement>'.
14 error
14 error C:\z\github\stryker-mutator\stryker-badge\packages\website-frontend\node_modules\@types\react-dom\node_modules\@types\react\index.d.ts
14 error (3509,13): error TS2403: Subsequent variable declarations must have the same type.  Variable 'script' must be of type 'DetailedHTMLProps<ScriptHTMLAttributes<HTMLScriptElement>, HTMLScriptElement>', but here has type 'DetailedHTMLProps<ScriptHTMLAttributes<HTMLScriptElement>, HTMLScriptElement>'.
14 error
14 error C:\z\github\stryker-mutator\stryker-badge\packages\website-frontend\node_modules\@types\react-dom\node_modules\@types\react\index.d.ts
14 error (3510,13): error TS2403: Subsequent variable declarations must have the same type.  Variable 'section' must be of type 'DetailedHTMLProps<HTMLAttributes<HTMLElement>, HTMLElement>', but here has type 'DetailedHTMLProps<HTMLAttributes<HTMLElement>, HTMLElement>'.
14 error
14 error C:\z\github\stryker-mutator\stryker-badge\packages\website-frontend\node_modules\@types\react-dom\node_modules\@types\react\index.d.ts
14 error (3511,13): error TS2403: Subsequent variable declarations must have the same type.  Variable 'select' must be of type 'DetailedHTMLProps<SelectHTMLAttributes<HTMLSelectElement>, HTMLSelectElement>', but here has type 'DetailedHTMLProps<SelectHTMLAttributes<HTMLSelectElement>, HTMLSelectElement>'.
14 error
14 error C:\z\github\stryker-mutator\stryker-badge\packages\website-frontend\node_modules\@types\react-dom\node_modules\@types\react\index.d.ts
14 error (3512,13): error TS2403: Subsequent variable declarations must have the same type.  Variable 'small' must be of type 'DetailedHTMLProps<HTMLAttributes<HTMLElement>, HTMLElement>', but here has type 'DetailedHTMLProps<HTMLAttributes<HTMLElement>, HTMLElement>'.
14 error
14 error C:\z\github\stryker-mutator\stryker-badge\packages\website-frontend\node_modules\@types\react-dom\node_modules\@types\react\index.d.ts
14 error (3513,13): error TS2403: Subsequent variable declarations must have the same type.  Variable 'source' must be of type 'DetailedHTMLProps<SourceHTMLAttributes<HTMLSourceElement>, HTMLSourceElement>', but here has type 'DetailedHTMLProps<SourceHTMLAttributes<HTMLSourceElement>, HTMLSourceElement>'.
14 error
14 error C:\z\github\stryker-mutator\stryker-badge\packages\website-frontend\node_modules\@types\react-dom\node_modules\@types\react\index.d.ts
14 error (3514,13): error TS2403: Subsequent variable declarations must have the same type.  Variable 'span' must be of type 'DetailedHTMLProps<HTMLAttributes<HTMLSpanElement>, HTMLSpanElement>', but here has type 'DetailedHTMLProps<HTMLAttributes<HTMLSpanElement>, HTMLSpanElement>'.
14 error
14 error C:\z\github\stryker-mutator\stryker-badge\packages\website-frontend\node_modules\@types\react-dom\node_modules\@types\react\index.d.ts
14 error (3515,13): error TS2403: Subsequent variable declarations must have the same type.  Variable 'strong' must be of type 'DetailedHTMLProps<HTMLAttributes<HTMLElement>, HTMLElement>', but here has type 'DetailedHTMLProps<HTMLAttributes<HTMLElement>, HTMLElement>'.
14 error
14 error C:\z\github\stryker-mutator\stryker-badge\packages\website-frontend\node_modules\@types\react-dom\node_modules\@types\react\index.d.ts
14 error (3516,13): error TS2403: Subsequent variable declarations must have the same type.  Variable 'style' must be of type 'DetailedHTMLProps<StyleHTMLAttributes<HTMLStyleElement>, HTMLStyleElement>', but here has type 'DetailedHTMLProps<StyleHTMLAttributes<HTMLStyleElement>, HTMLStyleElement>'.
14 error
14 error C:\z\github\stryker-mutator\stryker-badge\packages\website-frontend\node_modules\@types\react-dom\node_modules\@types\react\index.d.ts
14 error (3517,13): error TS2403: Subsequent variable declarations must have the same type.  Variable 'sub' must be of type 'DetailedHTMLProps<HTMLAttributes<HTMLElement>, HTMLElement>', but here has type 'DetailedHTMLProps<HTMLAttributes<HTMLElement>, HTMLElement>'.
14 error
14 error C:\z\github\stryker-mutator\stryker-badge\packages\website-frontend\node_modules\@types\react-dom\node_modules\@types\react\index.d.ts
14 error (3518,13): error TS2403: Subsequent variable declarations must have the same type.  Variable 'summary' must be of type 'DetailedHTMLProps<HTMLAttributes<HTMLElement>, HTMLElement>', but here has type 'DetailedHTMLProps<HTMLAttributes<HTMLElement>, HTMLElement>'.
14 error
14 error C:\z\github\stryker-mutator\stryker-badge\packages\website-frontend\node_modules\@types\react-dom\node_modules\@types\react\index.d.ts
14 error (3519,13): error TS2403: Subsequent variable declarations must have the same type.  Variable 'sup' must be of type 'DetailedHTMLProps<HTMLAttributes<HTMLElement>, HTMLElement>', but here has type 'DetailedHTMLProps<HTMLAttributes<HTMLElement>, HTMLElement>'.
14 error
14 error C:\z\github\stryker-mutator\stryker-badge\packages\website-frontend\node_modules\@types\react-dom\node_modules\@types\react\index.d.ts
14 error (3520,13): error TS2403: Subsequent variable declarations must have the same type.  Variable 'table' must be of type 'DetailedHTMLProps<TableHTMLAttributes<HTMLTableElement>, HTMLTableElement>', but here has type 'DetailedHTMLProps<TableHTMLAttributes<HTMLTableElement>, HTMLTableElement>'.
14 error
14 error C:\z\github\stryker-mutator\stryker-badge\packages\website-frontend\node_modules\@types\react-dom\node_modules\@types\react\index.d.ts
14 error (3521,13): error TS2403: Subsequent variable declarations must have the same type.  Variable 'tbody' must be of type 'DetailedHTMLProps<HTMLAttributes<HTMLTableSectionElement>, HTMLTableSectionElement>', but here has type 'DetailedHTMLProps<HTMLAttributes<HTMLTableSectionElement>, HTMLTableSectionElement>'.
14 error
14 error C:\z\github\stryker-mutator\stryker-badge\packages\website-frontend\node_modules\@types\react-dom\node_modules\@types\react\index.d.ts
14 error (3522,13): error TS2403: Subsequent variable declarations must have the same type.  Variable 'td' must be of type 'DetailedHTMLProps<TdHTMLAttributes<HTMLTableDataCellElement>, HTMLTableDataCellElement>', but here has type 'DetailedHTMLProps<TdHTMLAttributes<HTMLTableDataCellElement>, HTMLTableDataCellElement>'.
14 error
14 error C:\z\github\stryker-mutator\stryker-badge\packages\website-frontend\node_modules\@types\react-dom\node_modules\@types\react\index.d.ts
14 error (3523,13): error TS2403: Subsequent variable declarations must have the same type.  Variable 'textarea' must be of type 'DetailedHTMLProps<TextareaHTMLAttributes<HTMLTextAreaElement>, HTMLTextAreaElement>', but here has type 'DetailedHTMLProps<TextareaHTMLAttributes<HTMLTextAreaElement>, HTMLTextAreaElement>'.
14 error
14 error C:\z\github\stryker-mutator\stryker-badge\packages\website-frontend\node_modules\@types\react-dom\node_modules\@types\react\index.d.ts
14 error (3524,13): error TS2403: Subsequent variable declarations must have the same type.  Variable 'tfoot' must be of type 'DetailedHTMLProps<HTMLAttributes<HTMLTableSectionElement>, HTMLTableSectionElement>', but here has type 'DetailedHTMLProps<HTMLAttributes<HTMLTableSectionElement>, HTMLTableSectionElement>'.
14 error
14 error C:\z\github\stryker-mutator\stryker-badge\packages\website-frontend\node_modules\@types\react-dom\node_modules\@types\react\index.d.ts
14 error (3525,13): error TS2403: Subsequent variable declarations must have the same type.  Variable 'th' must be of type 'DetailedHTMLProps<ThHTMLAttributes<HTMLTableHeaderCellElement>, HTMLTableHeaderCellElement>', but here has type 'DetailedHTMLProps<ThHTMLAttributes<HTMLTableHeaderCellElement>, HTMLTableHeaderCellElement>'.
14 error
14 error C:\z\github\stryker-mutator\stryker-badge\packages\website-frontend\node_modules\@types\react-dom\node_modules\@types\react\index.d.ts
14 error (3526,13): error TS2403: Subsequent variable declarations must have the same type.  Variable 'thead' must be of type 'DetailedHTMLProps<HTMLAttributes<HTMLTableSectionElement>, HTMLTableSectionElement>', but here has type 'DetailedHTMLProps<HTMLAttributes<HTMLTableSectionElement>, HTMLTableSectionElement>'.
14 error
14 error C:\z\github\stryker-mutator\stryker-badge\packages\website-frontend\node_modules\@types\react-dom\node_modules\@types\react\index.d.ts
14 error (3527,13): error TS2403: Subsequent variable declarations must have the same type.  Variable 'time' must be of type 'DetailedHTMLProps<TimeHTMLAttributes<HTMLElement>, HTMLElement>', but here has type 'DetailedHTMLProps<TimeHTMLAttributes<HTMLElement>, HTMLElement>'.
14 error
14 error C:\z\github\stryker-mutator\stryker-badge\packages\website-frontend\node_modules\@types\react-dom\node_modules\@types\react\index.d.ts
14 error (3528,13): error TS2403: Subsequent variable declarations must have the same type.  Variable 'title' must be of type 'DetailedHTMLProps<HTMLAttributes<HTMLTitleElement>, HTMLTitleElement>', but here has type 'DetailedHTMLProps<HTMLAttributes<HTMLTitleElement>, HTMLTitleElement>'.
14 error
14 error C:\z\github\stryker-mutator\stryker-badge\packages\website-frontend\node_modules\@types\react-dom\node_modules\@types\react\index.d.ts
14 error (3529,13): error TS2403: Subsequent variable declarations must have the same type.  Variable 'tr' must be of type 'DetailedHTMLProps<HTMLAttributes<HTMLTableRowElement>, HTMLTableRowElement>', but here has type 'DetailedHTMLProps<HTMLAttributes<HTMLTableRowElement>, HTMLTableRowElement>'.
14 error
14 error C:\z\github\stryker-mutator\stryker-badge\packages\website-frontend\node_modules\@types\react-dom\node_modules\@types\react\index.d.ts
14 error (3530,13): error TS2403: Subsequent variable declarations must have the same type.  Variable 'track' must be of type 'DetailedHTMLProps<TrackHTMLAttributes<HTMLTrackElement>, HTMLTrackElement>', but here has type 'DetailedHTMLProps<TrackHTMLAttributes<HTMLTrackElement>, HTMLTrackElement>'.
14 error
14 error C:\z\github\stryker-mutator\stryker-badge\packages\website-frontend\node_modules\@types\react-dom\node_modules\@types\react\index.d.ts
14 error (3531,13): error TS2403: Subsequent variable declarations must have the same type.  Variable 'u' must be of type 'DetailedHTMLProps<HTMLAttributes<HTMLElement>, HTMLElement>', but here has type 'DetailedHTMLProps<HTMLAttributes<HTMLElement>, HTMLElement>'.
14 error
14 error C:\z\github\stryker-mutator\stryker-badge\packages\website-frontend\node_modules\@types\react-dom\node_modules\@types\react\index.d.ts
14 error (3532,13): error TS2403: Subsequent variable declarations must have the same type.  Variable 'ul' must be of type 'DetailedHTMLProps<HTMLAttributes<HTMLUListElement>, HTMLUListElement>', but here has type 'DetailedHTMLProps<HTMLAttributes<HTMLUListElement>, HTMLUListElement>'.
14 error
14 error C:\z\github\stryker-mutator\stryker-badge\packages\website-frontend\node_modules\@types\react-dom\node_modules\@types\react\index.d.ts
14 error (3533,13): error TS2403: Subsequent variable declarations must have the same type.  Variable '"var"' must be of type 'DetailedHTMLProps<HTMLAttributes<HTMLElement>, HTMLElement>', but here has type 'DetailedHTMLProps<HTMLAttributes<HTMLElement>, HTMLElement>'.
14 error
14 error C:\z\github\stryker-mutator\stryker-badge\packages\website-frontend\node_modules\@types\react-dom\node_modules\@types\react\index.d.ts
14 error (3534,13): error TS2403: Subsequent variable declarations must have the same type.  Variable 'video' must be of type 'DetailedHTMLProps<VideoHTMLAttributes<HTMLVideoElement>, HTMLVideoElement>', but here has type 'DetailedHTMLProps<VideoHTMLAttributes<HTMLVideoElement>, HTMLVideoElement>'.
14 error
14 error C:\z\github\stryker-mutator\stryker-badge\packages\website-frontend\node_modules\@types\react-dom\node_modules\@types\react\index.d.ts
14 error (3535,13): error TS2403: Subsequent variable declarations must have the same type.  Variable 'wbr' must be of type 'DetailedHTMLProps<HTMLAttributes<HTMLElement>, HTMLElement>', but here has type 'DetailedHTMLProps<HTMLAttributes<HTMLElement>, HTMLElement>'.
14 error
14 error C:\z\github\stryker-mutator\stryker-badge\packages\website-frontend\node_modules\@types\react-dom\node_modules\@types\react\index.d.ts
14 error (3538,13): error TS2403: Subsequent variable declarations must have the same type.  Variable 'svg' must be of type 'SVGProps<SVGSVGElement>', but here has type 'SVGProps<SVGSVGElement>'.
14 error
14 error C:\z\github\stryker-mutator\stryker-badge\packages\website-frontend\node_modules\@types\react-dom\node_modules\@types\react\index.d.ts
14 error (3540,13): error TS2403: Subsequent variable declarations must have the same type.  Variable 'animate' must be of type 'SVGProps<SVGElement>', but here has type 'SVGProps<SVGElement>'.
14 error
14 error C:\z\github\stryker-mutator\stryker-badge\packages\website-frontend\node_modules\@types\react-dom\node_modules\@types\react\index.d.ts
14 error (3541,13): error TS2403: Subsequent variable declarations must have the same type.  Variable 'animateTransform' must be of type 'SVGProps<SVGElement>', but here has type 'SVGProps<SVGElement>'.
14 error
14 error C:\z\github\stryker-mutator\stryker-badge\packages\website-frontend\node_modules\@types\react-dom\node_modules\@types\react\index.d.ts
14 error (3542,13): error TS2403: Subsequent variable declarations must have the same type.  Variable 'circle' must be of type 'SVGProps<SVGCircleElement>', but here has type 'SVGProps<SVGCircleElement>'.
14 error
14 error C:\z\github\stryker-mutator\stryker-badge\packages\website-frontend\node_modules\@types\react-dom\node_modules\@types\react\index.d.ts
14 error (3543,13): error TS2403: Subsequent variable declarations must have the same type.  Variable 'clipPath' must be of type 'SVGProps<SVGClipPathElement>', but here has type 'SVGProps<SVGClipPathElement>'.
14 error
14 error C:\z\github\stryker-mutator\stryker-badge\packages\website-frontend\node_modules\@types\react-dom\node_modules\@types\react\index.d.ts
14 error (3544,13): error TS2403: Subsequent variable declarations must have the same type.  Variable 'defs' must be of type 'SVGProps<SVGDefsElement>', but here has type 'SVGProps<SVGDefsElement>'.
14 error
14 error C:\z\github\stryker-mutator\stryker-badge\packages\website-frontend\node_modules\@types\react-dom\node_modules\@types\react\index.d.ts
14 error (3545,13): error TS2403: Subsequent variable declarations must have the same type.  Variable 'desc' must be of type 'SVGProps<SVGDescElement>', but here has type 'SVGProps<SVGDescElement>'.
14 error
14 error C:\z\github\stryker-mutator\stryker-badge\packages\website-frontend\node_modules\@types\react-dom\node_modules\@types\react\index.d.ts
14 error (3546,13): error TS2403: Subsequent variable declarations must have the same type.  Variable 'ellipse' must be of type 'SVGProps<SVGEllipseElement>', but here has type 'SVGProps<SVGEllipseElement>'.
14 error
14 error C:\z\github\stryker-mutator\stryker-badge\packages\website-frontend\node_modules\@types\react-dom\node_modules\@types\react\index.d.ts
14 error (3547,13): error TS2403: Subsequent variable declarations must have the same type.  Variable 'feBlend' must be of type 'SVGProps<SVGFEBlendElement>', but here has type 'SVGProps<SVGFEBlendElement>'.
14 error
14 error C:\z\github\stryker-mutator\stryker-badge\packages\website-frontend\node_modules\@types\react-dom\node_modules\@types\react\index.d.ts
14 error (3548,13): error TS2403: Subsequent variable declarations must have the same type.  Variable 'feColorMatrix' must be of type 'SVGProps<SVGFEColorMatrixElement>', but here has type 'SVGProps<SVGFEColorMatrixElement>'.
14 error
14 error C:\z\github\stryker-mutator\stryker-badge\packages\website-frontend\node_modules\@types\react-dom\node_modules\@types\react\index.d.ts
14 error (3549,13): error TS2403: Subsequent variable declarations must have the same type.  Variable 'feComponentTransfer' must be of type 'SVGProps<SVGFEComponentTransferElement>', but here has type 'SVGProps<SVGFEComponentTransferElement>'.
14 error
14 error C:\z\github\stryker-mutator\stryker-badge\packages\website-frontend\node_modules\@types\react-dom\node_modules\@types\react\index.d.ts
14 error (3550,13): error TS2403: Subsequent variable declarations must have the same type.  Variable 'feComposite' must be of type 'SVGProps<SVGFECompositeElement>', but here has type 'SVGProps<SVGFECompositeElement>'.
14 error
14 error C:\z\github\stryker-mutator\stryker-badge\packages\website-frontend\node_modules\@types\react-dom\node_modules\@types\react\index.d.ts
14 error (3551,13): error TS2403: Subsequent variable declarations must have the same type.  Variable 'feConvolveMatrix' must be of type 'SVGProps<SVGFEConvolveMatrixElement>', but here has type 'SVGProps<SVGFEConvolveMatrixElement>'.
14 error
14 error C:\z\github\stryker-mutator\stryker-badge\packages\website-frontend\node_modules\@types\react-dom\node_modules\@types\react\index.d.ts
14 error (3552,13): error TS2403: Subsequent variable declarations must have the same type.  Variable 'feDiffuseLighting' must be of type 'SVGProps<SVGFEDiffuseLightingElement>', but here has type 'SVGProps<SVGFEDiffuseLightingElement>'.
14 error
14 error C:\z\github\stryker-mutator\stryker-badge\packages\website-frontend\node_modules\@types\react-dom\node_modules\@types\react\index.d.ts
14 error (3553,13): error TS2403: Subsequent variable declarations must have the same type.  Variable 'feDisplacementMap' must be of type 'SVGProps<SVGFEDisplacementMapElement>', but here has type 'SVGProps<SVGFEDisplacementMapElement>'.
14 error
14 error C:\z\github\stryker-mutator\stryker-badge\packages\website-frontend\node_modules\@types\react-dom\node_modules\@types\react\index.d.ts
14 error (3554,13): error TS2403: Subsequent variable declarations must have the same type.  Variable 'feDistantLight' must be of type 'SVGProps<SVGFEDistantLightElement>', but here has type 'SVGProps<SVGFEDistantLightElement>'.
14 error
14 error C:\z\github\stryker-mutator\stryker-badge\packages\website-frontend\node_modules\@types\react-dom\node_modules\@types\react\index.d.ts
14 error (3555,13): error TS2403: Subsequent variable declarations must have the same type.  Variable 'feFlood' must be of type 'SVGProps<SVGFEFloodElement>', but here has type 'SVGProps<SVGFEFloodElement>'.
14 error
14 error C:\z\github\stryker-mutator\stryker-badge\packages\website-frontend\node_modules\@types\react-dom\node_modules\@types\react\index.d.ts
14 error (3556,13): error TS2403: Subsequent variable declarations must have the same type.  Variable 'feFuncA' must be of type 'SVGProps<SVGFEFuncAElement>', but here has type 'SVGProps<SVGFEFuncAElement>'.
14 error
14 error C:\z\github\stryker-mutator\stryker-badge\packages\website-frontend\node_modules\@types\react-dom\node_modules\@types\react\index.d.ts
14 error (3557,13): error TS2403: Subsequent variable declarations must have the same type.  Variable 'feFuncB' must be of type 'SVGProps<SVGFEFuncBElement>', but here has type 'SVGProps<SVGFEFuncBElement>'.
14 error
14 error C:\z\github\stryker-mutator\stryker-badge\packages\website-frontend\node_modules\@types\react-dom\node_modules\@types\react\index.d.ts
14 error (3558,13): error TS2403: Subsequent variable declarations must have the same type.  Variable 'feFuncG' must be of type 'SVGProps<SVGFEFuncGElement>', but here has type 'SVGProps<SVGFEFuncGElement>'.
14 error
14 error C:\z\github\stryker-mutator\stryker-badge\packages\website-frontend\node_modules\@types\react-dom\node_modules\@types\react\index.d.ts
14 error (3559,13): error TS2403: Subsequent variable declarations must have the same type.  Variable 'feFuncR' must be of type 'SVGProps<SVGFEFuncRElement>', but here has type 'SVGProps<SVGFEFuncRElement>'.
14 error
14 error C:\z\github\stryker-mutator\stryker-badge\packages\website-frontend\node_modules\@types\react-dom\node_modules\@types\react\index.d.ts
14 error (3560,13): error TS2403: Subsequent variable declarations must have the same type.  Variable 'feGaussianBlur' must be of type 'SVGProps<SVGFEGaussianBlurElement>', but here has type 'SVGProps<SVGFEGaussianBlurElement>'.
14 error
14 error C:\z\github\stryker-mutator\stryker-badge\packages\website-frontend\node_modules\@types\react-dom\node_modules\@types\react\index.d.ts
14 error (3561,13): error TS2403: Subsequent variable declarations must have the same type.  Variable 'feImage' must be of type 'SVGProps<SVGFEImageElement>', but here has type 'SVGProps<SVGFEImageElement>'.
14 error
14 error C:\z\github\stryker-mutator\stryker-badge\packages\website-frontend\node_modules\@types\react-dom\node_modules\@types\react\index.d.ts
14 error (3562,13): error TS2403: Subsequent variable declarations must have the same type.  Variable 'feMerge' must be of type 'SVGProps<SVGFEMergeElement>', but here has type 'SVGProps<SVGFEMergeElement>'.
14 error
14 error C:\z\github\stryker-mutator\stryker-badge\packages\website-frontend\node_modules\@types\react-dom\node_modules\@types\react\index.d.ts
14 error (3563,13): error TS2403: Subsequent variable declarations must have the same type.  Variable 'feMergeNode' must be of type 'SVGProps<SVGFEMergeNodeElement>', but here has type 'SVGProps<SVGFEMergeNodeElement>'.
14 error
14 error C:\z\github\stryker-mutator\stryker-badge\packages\website-frontend\node_modules\@types\react-dom\node_modules\@types\react\index.d.ts
14 error (3564,13): error TS2403: Subsequent variable declarations must have the same type.  Variable 'feMorphology' must be of type 'SVGProps<SVGFEMorphologyElement>', but here has type 'SVGProps<SVGFEMorphologyElement>'.
14 error
14 error C:\z\github\stryker-mutator\stryker-badge\packages\website-frontend\node_modules\@types\react-dom\node_modules\@types\react\index.d.ts
14 error (3565,13): error TS2403: Subsequent variable declarations must have the same type.  Variable 'feOffset' must be of type 'SVGProps<SVGFEOffsetElement>', but here has type 'SVGProps<SVGFEOffsetElement>'.
14 error
14 error C:\z\github\stryker-mutator\stryker-badge\packages\website-frontend\node_modules\@types\react-dom\node_modules\@types\react\index.d.ts
14 error (3566,13): error TS2403: Subsequent variable declarations must have the same type.  Variable 'fePointLight' must be of type 'SVGProps<SVGFEPointLightElement>', but here has type 'SVGProps<SVGFEPointLightElement>'.
14 error
14 error C:\z\github\stryker-mutator\stryker-badge\packages\website-frontend\node_modules\@types\react-dom\node_modules\@types\react\index.d.ts
14 error (3567,13): error TS2403: Subsequent variable declarations must have the same type.  Variable 'feSpecularLighting' must be of type 'SVGProps<SVGFESpecularLightingElement>', but here has type 'SVGProps<SVGFESpecularLightingElement>'.
14 error
14 error C:\z\github\stryker-mutator\stryker-badge\packages\website-frontend\node_modules\@types\react-dom\node_modules\@types\react\index.d.ts
14 error (3568,13): error TS2403: Subsequent variable declarations must have the same type.  Variable 'feSpotLight' must be of type 'SVGProps<SVGFESpotLightElement>', but here has type 'SVGProps<SVGFESpotLightElement>'.
14 error
14 error C:\z\github\stryker-mutator\stryker-badge\packages\website-frontend\node_modules\@types\react-dom\node_modules\@types\react\index.d.ts
14 error (3569,13): error TS2403: Subsequent variable declarations must have the same type.  Variable 'feTile' must be of type 'SVGProps<SVGFETileElement>', but here has type 'SVGProps<SVGFETileElement>'.
14 error
14 error C:\z\github\stryker-mutator\stryker-badge\packages\website-frontend\node_modules\@types\react-dom\node_modules\@types\react\index.d.ts
14 error (3570,13): error TS2403: Subsequent variable declarations must have the same type.  Variable 'feTurbulence' must be of type 'SVGProps<SVGFETurbulenceElement>', but here has type 'SVGProps<SVGFETurbulenceElement>'.
14 error
14 error C:\z\github\stryker-mutator\stryker-badge\packages\website-frontend\node_modules\@types\react-dom\node_modules\@types\react\index.d.ts
14 error (3571,13): error TS2403: Subsequent variable declarations must have the same type.  Variable 'filter' must be of type 'SVGProps<SVGFilterElement>', but here has type 'SVGProps<SVGFilterElement>'.
14 error
14 error C:\z\github\stryker-mutator\stryker-badge\packages\website-frontend\node_modules\@types\react-dom\node_modules\@types\react\index.d.ts
14 error (3572,13): error TS2403: Subsequent variable declarations must have the same type.  Variable 'foreignObject' must be of type 'SVGProps<SVGForeignObjectElement>', but here has type 'SVGProps<SVGForeignObjectElement>'.
14 error
14 error C:\z\github\stryker-mutator\stryker-badge\packages\website-frontend\node_modules\@types\react-dom\node_modules\@types\react\index.d.ts
14 error (3573,13): error TS2403: Subsequent variable declarations must have the same type.  Variable 'g' must be of type 'SVGProps<SVGGElement>', but here has type 'SVGProps<SVGGElement>'.
14 error
14 error C:\z\github\stryker-mutator\stryker-badge\packages\website-frontend\node_modules\@types\react-dom\node_modules\@types\react\index.d.ts
14 error (3574,13): error TS2403: Subsequent variable declarations must have the same type.  Variable 'image' must be of type 'SVGProps<SVGImageElement>', but here has type 'SVGProps<SVGImageElement>'.
14 error
14 error C:\z\github\stryker-mutator\stryker-badge\packages\website-frontend\node_modules\@types\react-dom\node_modules\@types\react\index.d.ts
14 error (3575,13): error TS2403: Subsequent variable declarations must have the same type.  Variable 'line' must be of type 'SVGProps<SVGLineElement>', but here has type 'SVGProps<SVGLineElement>'.
14 error
14 error C:\z\github\stryker-mutator\stryker-badge\packages\website-frontend\node_modules\@types\react-dom\node_modules\@types\react\index.d.ts
14 error (3576,13): error TS2403: Subsequent variable declarations must have the same type.  Variable 'linearGradient' must be of type 'SVGProps<SVGLinearGradientElement>', but here has type 'SVGProps<SVGLinearGradientElement>'.
14 error
14 error C:\z\github\stryker-mutator\stryker-badge\packages\website-frontend\node_modules\@types\react-dom\node_modules\@types\react\index.d.ts
14 error (3577,13): error TS2403: Subsequent variable declarations must have the same type.  Variable 'marker' must be of type 'SVGProps<SVGMarkerElement>', but here has type 'SVGProps<SVGMarkerElement>'.
14 error
14 error C:\z\github\stryker-mutator\stryker-badge\packages\website-frontend\node_modules\@types\react-dom\node_modules\@types\react\index.d.ts
14 error (3578,13): error TS2403: Subsequent variable declarations must have the same type.  Variable 'mask' must be of type 'SVGProps<SVGMaskElement>', but here has type 'SVGProps<SVGMaskElement>'.
14 error
14 error C:\z\github\stryker-mutator\stryker-badge\packages\website-frontend\node_modules\@types\react-dom\node_modules\@types\react\index.d.ts
14 error (3579,13): error TS2403: Subsequent variable declarations must have the same type.  Variable 'metadata' must be of type 'SVGProps<SVGMetadataElement>', but here has type 'SVGProps<SVGMetadataElement>'.
14 error
14 error C:\z\github\stryker-mutator\stryker-badge\packages\website-frontend\node_modules\@types\react-dom\node_modules\@types\react\index.d.ts
14 error (3580,13): error TS2403: Subsequent variable declarations must have the same type.  Variable 'path' must be of type 'SVGProps<SVGPathElement>', but here has type 'SVGProps<SVGPathElement>'.
14 error
14 error C:\z\github\stryker-mutator\stryker-badge\packages\website-frontend\node_modules\@types\react-dom\node_modules\@types\react\index.d.ts
14 error (3581,13): error TS2403: Subsequent variable declarations must have the same type.  Variable 'pattern' must be of type 'SVGProps<SVGPatternElement>', but here has type 'SVGProps<SVGPatternElement>'.
14 error
14 error C:\z\github\stryker-mutator\stryker-badge\packages\website-frontend\node_modules\@types\react-dom\node_modules\@types\react\index.d.ts
14 error (3582,13): error TS2403: Subsequent variable declarations must have the same type.  Variable 'polygon' must be of type 'SVGProps<SVGPolygonElement>', but here has type 'SVGProps<SVGPolygonElement>'.
14 error
14 error C:\z\github\stryker-mutator\stryker-badge\packages\website-frontend\node_modules\@types\react-dom\node_modules\@types\react\index.d.ts
14 error (3583,13): error TS2403: Subsequent variable declarations must have the same type.  Variable 'polyline' must be of type 'SVGProps<SVGPolylineElement>', but here has type 'SVGProps<SVGPolylineElement>'.
14 error
14 error C:\z\github\stryker-mutator\stryker-badge\packages\website-frontend\node_modules\@types\react-dom\node_modules\@types\react\index.d.ts
14 error (3584,13): error TS2403: Subsequent variable declarations must have the same type.  Variable 'radialGradient' must be of type 'SVGProps<SVGRadialGradientElement>', but here has type 'SVGProps<SVGRadialGradientElement>'.
14 error
14 error C:\z\github\stryker-mutator\stryker-badge\packages\website-frontend\node_modules\@types\react-dom\node_modules\@types\react\index.d.ts
14 error (3585,13): error TS2403: Subsequent variable declarations must have the same type.  Variable 'rect' must be of type 'SVGProps<SVGRectElement>', but here has type 'SVGProps<SVGRectElement>'.
14 error
14 error C:\z\github\stryker-mutator\stryker-badge\packages\website-frontend\node_modules\@types\react-dom\node_modules\@types\react\index.d.ts
14 error (3586,13): error TS2403: Subsequent variable declarations must have the same type.  Variable 'stop' must be of type 'SVGProps<SVGStopElement>', but here has type 'SVGProps<SVGStopElement>'.
14 error
14 error C:\z\github\stryker-mutator\stryker-badge\packages\website-frontend\node_modules\@types\react-dom\node_modules\@types\react\index.d.ts
14 error (3587,13): error TS2403: Subsequent variable declarations must have the same type.  Variable 'switch' must be of type 'SVGProps<SVGSwitchElement>', but here has type 'SVGProps<SVGSwitchElement>'.
14 error
14 error C:\z\github\stryker-mutator\stryker-badge\packages\website-frontend\node_modules\@types\react-dom\node_modules\@types\react\index.d.ts
14 error (3588,13): error TS2403: Subsequent variable declarations must have the same type.  Variable 'symbol' must be of type 'SVGProps<SVGSymbolElement>', but here has type 'SVGProps<SVGSymbolElement>'.
14 error
14 error C:\z\github\stryker-mutator\stryker-badge\packages\website-frontend\node_modules\@types\react-dom\node_modules\@types\react\index.d.ts
14 error (3589,13): error TS2403: Subsequent variable declarations must have the same type.  Variable 'text' must be of type 'SVGProps<SVGTextElement>', but here has type 'SVGProps<SVGTextElement>'.
14 error
14 error C:\z\github\stryker-mutator\stryker-badge\packages\website-frontend\node_modules\@types\react-dom\node_modules\@types\react\index.d.ts
14 error (3590,13): error TS2403: Subsequent variable declarations must have the same type.  Variable 'textPath' must be of type 'SVGProps<SVGTextPathElement>', but here has type 'SVGProps<SVGTextPathElement>'.
14 error
14 error C:\z\github\stryker-mutator\stryker-badge\packages\website-frontend\node_modules\@types\react-dom\node_modules\@types\react\index.d.ts
14 error (3591,13): error TS2403: Subsequent variable declarations must have the same type.  Variable 'tspan' must be of type 'SVGProps<SVGTSpanElement>', but here has type 'SVGProps<SVGTSpanElement>'.
14 error
14 error C:\z\github\stryker-mutator\stryker-badge\packages\website-frontend\node_modules\@types\react-dom\node_modules\@types\react\index.d.ts
14 error (3592,13): error TS2403: Subsequent variable declarations must have the same type.  Variable 'use' must be of type 'SVGProps<SVGUseElement>', but here has type 'SVGProps<SVGUseElement>'.
14 error
14 error C:\z\github\stryker-mutator\stryker-badge\packages\website-frontend\node_modules\@types\react-dom\node_modules\@types\react\index.d.ts
14 error (3593,13): error TS2403: Subsequent variable declarations must have the same type.  Variable 'view' must be of type 'SVGProps<SVGViewElement>', but here has type 'SVGProps<SVGViewElement>'.
14 error
14 error C:\z\github\stryker-mutator\stryker-badge\packages\website-frontend\node_modules\@types\react\index.d.ts
14 error (3522,19): error TS2320: Interface 'Element' cannot simultaneously extend types 'ReactElement<any>' and 'ReactElement<any>'.
14 error   Named property 'type' of types 'ReactElement<any>' and 'ReactElement<any>' are not identical.
14 error
14 error C:\z\github\stryker-mutator\stryker-badge\packages\website-frontend\node_modules\@types\react\index.d.ts
14 error (3523,19): error TS2320: Interface 'ElementClass' cannot simultaneously extend types 'Component<any, {}>' and 'Component<any, {}>'.
14 error   Named property 'refs' of types 'Component<any, {}>' and 'Component<any, {}>' are not identical.
14 error
14 error ./src/index.tsx
14 error (8,3): error TS2345: Argument of type 'Element' is not assignable to parameter of type 'ReactElement<any>'.
14 error   Types of property 'type' are incompatible.
14 error     Type 'string | ComponentClass<any> | StatelessComponent<any>' is not assignable to type 'string | StatelessComponent<any> | ComponentClass<any>'.
14 error       Type 'ComponentClass<any>' is not assignable to type 'string | StatelessComponent<any> | ComponentClass<any>'.
14 error         Type 'React.ComponentClass<any>' is not assignable to type 'React.ComponentClass<any>'. Two different types with this name exist, but they are unrelated.
14 error           Type 'React.Component<any, React.ComponentState>' is not assignable to type 'React.Component<any, React.ComponentState>'. Two different types with this name exist, but they are unrelated.
14 error             Types of property 'render' are incompatible.
14 error               Type '() => ReactNode' is not assignable to type '() => false | Element | null'.
14 error                 Type 'ReactNode' is not assignable to type 'false | Element | null'.
14 error                   Type 'undefined' is not assignable to type 'false | Element | null'.
14 error
14 error C:\z\github\stryker-mutator\stryker-badge\packages\website-frontend\src\App.test.tsx
14 error (7,19): error TS2345: Argument of type 'Element' is not assignable to parameter of type 'ReactElement<any>'.
14 error
14 error
14 error     at Promise.all.then.arr (C:\z\github\stryker-mutator\stryker-badge\node_modules\lerna\node_modules\execa\index.js:236:11)
14 error     at <anonymous>
